{"/usr/src/app/client/constants/actionTypes.js": {"path":"/usr/src/app/client/constants/actionTypes.js","statementMap":{"0":{"start":{"line":12,"column":26},"end":{"line":12,"column":38}},"1":{"start":{"line":13,"column":24},"end":{"line":13,"column":34}},"2":{"start":{"line":14,"column":27},"end":{"line":14,"column":40}},"3":{"start":{"line":15,"column":32},"end":{"line":15,"column":50}},"4":{"start":{"line":16,"column":30},"end":{"line":16,"column":46}}},"fnMap":{},"branchMap":{},"s":{"0":1,"1":1,"2":1,"3":1,"4":1},"f":{},"b":{},"_coverageSchema":"43e27e138ebf9cfc5966b082cf9a028302ed4184","hash":"9f23d5ffae8e5a10aa6e34ca88d8e18174d66eac"}
,"/usr/src/app/client/reducers/cardsReducer.js": {"path":"/usr/src/app/client/reducers/cardsReducer.js","statementMap":{"0":{"start":{"line":14,"column":21},"end":{"line":20,"column":1}},"1":{"start":{"line":22,"column":21},"end":{"line":127,"column":1}},"2":{"start":{"line":28,"column":2},"end":{"line":126,"column":3}},"3":{"start":{"line":30,"column":22},"end":{"line":30,"column":36}},"4":{"start":{"line":31,"column":6},"end":{"line":31,"column":31}},"5":{"start":{"line":32,"column":6},"end":{"line":32,"column":21}},"6":{"start":{"line":33,"column":6},"end":{"line":33,"column":36}},"7":{"start":{"line":34,"column":6},"end":{"line":34,"column":44}},"8":{"start":{"line":37,"column":6},"end":{"line":49,"column":8}},"9":{"start":{"line":38,"column":26},"end":{"line":42,"column":9}},"10":{"start":{"line":44,"column":8},"end":{"line":44,"column":35}},"11":{"start":{"line":47,"column":8},"end":{"line":47,"column":75}},"12":{"start":{"line":48,"column":8},"end":{"line":48,"column":40}},"13":{"start":{"line":51,"column":6},"end":{"line":58,"column":8}},"14":{"start":{"line":62,"column":6},"end":{"line":62,"column":44}},"15":{"start":{"line":63,"column":6},"end":{"line":63,"column":44}},"16":{"start":{"line":66,"column":24},"end":{"line":70,"column":7}},"17":{"start":{"line":73,"column":6},"end":{"line":73,"column":36}},"18":{"start":{"line":74,"column":6},"end":{"line":74,"column":33}},"19":{"start":{"line":77,"column":6},"end":{"line":83,"column":8}},"20":{"start":{"line":86,"column":6},"end":{"line":89,"column":8}},"21":{"start":{"line":92,"column":6},"end":{"line":92,"column":44}},"22":{"start":{"line":93,"column":6},"end":{"line":93,"column":36}},"23":{"start":{"line":94,"column":6},"end":{"line":100,"column":7}},"24":{"start":{"line":94,"column":18},"end":{"line":94,"column":19}},"25":{"start":{"line":95,"column":8},"end":{"line":99,"column":9}},"26":{"start":{"line":96,"column":10},"end":{"line":96,"column":32}},"27":{"start":{"line":97,"column":10},"end":{"line":97,"column":23}},"28":{"start":{"line":98,"column":10},"end":{"line":98,"column":16}},"29":{"start":{"line":102,"column":6},"end":{"line":106,"column":8}},"30":{"start":{"line":109,"column":6},"end":{"line":109,"column":44}},"31":{"start":{"line":110,"column":6},"end":{"line":110,"column":36}},"32":{"start":{"line":111,"column":6},"end":{"line":117,"column":7}},"33":{"start":{"line":111,"column":18},"end":{"line":111,"column":19}},"34":{"start":{"line":112,"column":8},"end":{"line":116,"column":9}},"35":{"start":{"line":113,"column":10},"end":{"line":113,"column":32}},"36":{"start":{"line":114,"column":10},"end":{"line":114,"column":23}},"37":{"start":{"line":115,"column":10},"end":{"line":115,"column":16}},"38":{"start":{"line":118,"column":6},"end":{"line":122,"column":8}},"39":{"start":{"line":125,"column":6},"end":{"line":125,"column":19}}},"fnMap":{"0":{"name":"(anonymous_0)","decl":{"start":{"line":22,"column":21},"end":{"line":22,"column":22}},"loc":{"start":{"line":22,"column":53},"end":{"line":127,"column":1}},"line":22},"1":{"name":"(anonymous_1)","decl":{"start":{"line":37,"column":22},"end":{"line":37,"column":23}},"loc":{"start":{"line":37,"column":32},"end":{"line":49,"column":7}},"line":37}},"branchMap":{"0":{"loc":{"start":{"line":22,"column":22},"end":{"line":22,"column":40}},"type":"default-arg","locations":[{"start":{"line":22,"column":28},"end":{"line":22,"column":40}}],"line":22},"1":{"loc":{"start":{"line":28,"column":2},"end":{"line":126,"column":3}},"type":"switch","locations":[{"start":{"line":29,"column":4},"end":{"line":58,"column":8}},{"start":{"line":60,"column":4},"end":{"line":83,"column":8}},{"start":{"line":85,"column":4},"end":{"line":89,"column":8}},{"start":{"line":91,"column":4},"end":{"line":106,"column":8}},{"start":{"line":108,"column":4},"end":{"line":122,"column":8}},{"start":{"line":124,"column":4},"end":{"line":125,"column":19}}],"line":28},"2":{"loc":{"start":{"line":47,"column":23},"end":{"line":47,"column":74}},"type":"cond-expr","locations":[{"start":{"line":47,"column":50},"end":{"line":47,"column":59}},{"start":{"line":47,"column":62},"end":{"line":47,"column":74}}],"line":47},"3":{"loc":{"start":{"line":95,"column":8},"end":{"line":99,"column":9}},"type":"if","locations":[{"start":{"line":95,"column":8},"end":{"line":99,"column":9}},{"start":{"line":95,"column":8},"end":{"line":99,"column":9}}],"line":95},"4":{"loc":{"start":{"line":112,"column":8},"end":{"line":116,"column":9}},"type":"if","locations":[{"start":{"line":112,"column":8},"end":{"line":116,"column":9}},{"start":{"line":112,"column":8},"end":{"line":116,"column":9}}],"line":112},"5":{"loc":{"start":{"line":112,"column":11},"end":{"line":112,"column":78}},"type":"binary-expr","locations":[{"start":{"line":112,"column":11},"end":{"line":112,"column":51}},{"start":{"line":112,"column":55},"end":{"line":112,"column":78}}],"line":112}},"s":{"0":1,"1":1,"2":4,"3":0,"4":0,"5":0,"6":0,"7":0,"8":0,"9":0,"10":0,"11":0,"12":0,"13":0,"14":2,"15":2,"16":2,"17":2,"18":2,"19":2,"20":0,"21":0,"22":0,"23":0,"24":0,"25":0,"26":0,"27":0,"28":0,"29":0,"30":0,"31":0,"32":0,"33":0,"34":0,"35":0,"36":0,"37":0,"38":0,"39":2},"f":{"0":4,"1":0},"b":{"0":[1],"1":[0,2,0,0,0,2],"2":[0,0],"3":[0,0],"4":[0,0],"5":[0,0]},"_coverageSchema":"43e27e138ebf9cfc5966b082cf9a028302ed4184","hash":"408e7deaf09ed9647a8f7507352fae042799da03"}
}
