TN:
SF:/usr/src/app/client/constants/actionTypes.js
FNF:0
FNH:0
DA:12,1
DA:13,1
DA:14,1
DA:15,1
DA:16,1
LF:5
LH:5
BRF:0
BRH:0
end_of_record
TN:
SF:/usr/src/app/client/reducers/cardsReducer.js
FN:22,(anonymous_0)
FN:37,(anonymous_1)
FNF:2
FNH:1
FNDA:4,(anonymous_0)
FNDA:0,(anonymous_1)
DA:14,1
DA:22,1
DA:28,4
DA:30,0
DA:31,0
DA:32,0
DA:33,0
DA:34,0
DA:37,0
DA:38,0
DA:44,0
DA:47,0
DA:48,0
DA:51,0
DA:62,2
DA:63,2
DA:66,2
DA:73,2
DA:74,2
DA:77,2
DA:86,0
DA:92,0
DA:93,0
DA:94,0
DA:95,0
DA:96,0
DA:97,0
DA:98,0
DA:102,0
DA:109,0
DA:110,0
DA:111,0
DA:112,0
DA:113,0
DA:114,0
DA:115,0
DA:118,0
DA:125,2
LF:38
LH:10
BRDA:22,0,0,1
BRDA:28,1,0,0
BRDA:28,1,1,2
BRDA:28,1,2,0
BRDA:28,1,3,0
BRDA:28,1,4,0
BRDA:28,1,5,2
BRDA:47,2,0,0
BRDA:47,2,1,0
BRDA:95,3,0,0
BRDA:95,3,1,0
BRDA:112,4,0,0
BRDA:112,4,1,0
BRDA:112,5,0,0
BRDA:112,5,1,0
BRF:15
BRH:3
end_of_record
